Started GET "/" for ::1 at 2022-11-18 00:19:59 +0530
Processing by Rails::WelcomeController#index as HTML
  Rendering /home/welcome/.rvm/gems/ruby-3.0.0/gems/railties-7.0.4/lib/rails/templates/rails/welcome/index.html.erb
  Rendered /home/welcome/.rvm/gems/ruby-3.0.0/gems/railties-7.0.4/lib/rails/templates/rails/welcome/index.html.erb (Duration: 1.2ms | Allocations: 730)
Completed 200 OK in 11ms (Views: 4.3ms | ActiveRecord: 0.0ms | Allocations: 6907)


Started GET "/books" for 127.0.0.1 at 2022-11-18 00:34:13 +0530
  
ActionController::RoutingError (uninitialized constant BooksController):
  
Started GET "/books" for 127.0.0.1 at 2022-11-18 00:40:51 +0530
Processing by BooksController#index as */*
Completed 204 No Content in 0ms (Allocations: 104)


Started GET "/books" for 127.0.0.1 at 2022-11-18 00:41:04 +0530
Processing by BooksController#index as */*
Completed 204 No Content in 0ms (Allocations: 32)


Started GET "/books" for 127.0.0.1 at 2022-11-18 00:42:54 +0530
Processing by BooksController#index as */*
Completed 500 Internal Server Error in 3ms (Allocations: 1745)


  
NameError (uninitialized constant BooksController::Book):
  
app/controllers/books_controller.rb:3:in `index'
  [1m[35m (8.2ms)[0m  [1m[35mCREATE TABLE "schema_migrations" ("version" varchar NOT NULL PRIMARY KEY)[0m
  [1m[35m (1.7ms)[0m  [1m[35mCREATE TABLE "ar_internal_metadata" ("key" varchar NOT NULL PRIMARY KEY, "value" varchar, "created_at" datetime(6) NOT NULL, "updated_at" datetime(6) NOT NULL)[0m
  [1m[36mActiveRecord::SchemaMigration Pluck (0.1ms)[0m  [1m[34mSELECT "schema_migrations"."version" FROM "schema_migrations" ORDER BY "schema_migrations"."version" ASC[0m
Migrating to CreateBooks (20221117191401)
  [1m[36mTRANSACTION (0.1ms)[0m  [1m[36mbegin transaction[0m
  [1m[35m (0.3ms)[0m  [1m[35mCREATE TABLE "books" ("id" integer PRIMARY KEY AUTOINCREMENT NOT NULL, "title" varchar, "author" varchar, "created_at" datetime(6) NOT NULL, "updated_at" datetime(6) NOT NULL)[0m
  [1m[36mActiveRecord::SchemaMigration Create (0.1ms)[0m  [1m[32mINSERT INTO "schema_migrations" ("version") VALUES (?)[0m  [["version", "20221117191401"]]
  [1m[36mTRANSACTION (1.8ms)[0m  [1m[36mcommit transaction[0m
  [1m[36mActiveRecord::InternalMetadata Load (0.2ms)[0m  [1m[34mSELECT "ar_internal_metadata".* FROM "ar_internal_metadata" WHERE "ar_internal_metadata"."key" = ? LIMIT ?[0m  [["key", "environment"], ["LIMIT", 1]]
  [1m[36mTRANSACTION (0.0ms)[0m  [1m[36mbegin transaction[0m
  [1m[36mActiveRecord::InternalMetadata Create (0.2ms)[0m  [1m[32mINSERT INTO "ar_internal_metadata" ("key", "value", "created_at", "updated_at") VALUES (?, ?, ?, ?)[0m  [["key", "environment"], ["value", "development"], ["created_at", "2022-11-17 19:15:37.802067"], ["updated_at", "2022-11-17 19:15:37.802067"]]
  [1m[36mTRANSACTION (1.3ms)[0m  [1m[36mcommit transaction[0m
  [1m[36mActiveRecord::SchemaMigration Pluck (0.1ms)[0m  [1m[34mSELECT "schema_migrations"."version" FROM "schema_migrations" ORDER BY "schema_migrations"."version" ASC[0m
Started GET "/books" for 127.0.0.1 at 2022-11-18 00:46:51 +0530
  [1m[36mActiveRecord::SchemaMigration Pluck (0.2ms)[0m  [1m[34mSELECT "schema_migrations"."version" FROM "schema_migrations" ORDER BY "schema_migrations"."version" ASC[0m
Processing by BooksController#index as */*
  [1m[36mBook Load (0.1ms)[0m  [1m[34mSELECT "books".* FROM "books"[0m
  ↳ app/controllers/books_controller.rb:3:in `index'
Completed 200 OK in 3ms (Views: 1.0ms | ActiveRecord: 0.1ms | Allocations: 1450)


  [1m[36mBook Load (0.2ms)[0m  [1m[34mSELECT "books".* FROM "books"[0m
  [1m[36mTRANSACTION (0.1ms)[0m  [1m[36mbegin transaction[0m
  [1m[36mBook Create (0.4ms)[0m  [1m[32mINSERT INTO "books" ("title", "author", "created_at", "updated_at") VALUES (?, ?, ?, ?)[0m  [["title", "makhi"], ["author", "lustin mathur"], ["created_at", "2022-11-17 19:20:18.967137"], ["updated_at", "2022-11-17 19:20:18.967137"]]
  [1m[36mTRANSACTION (7.8ms)[0m  [1m[36mcommit transaction[0m
  [1m[36mBook Load (0.2ms)[0m  [1m[34mSELECT "books".* FROM "books"[0m
Started GET "/" for ::1 at 2022-11-18 00:53:37 +0530
Processing by Rails::WelcomeController#index as HTML
  Rendering /home/welcome/.rvm/gems/ruby-3.0.0/gems/railties-7.0.4/lib/rails/templates/rails/welcome/index.html.erb
  Rendered /home/welcome/.rvm/gems/ruby-3.0.0/gems/railties-7.0.4/lib/rails/templates/rails/welcome/index.html.erb (Duration: 0.9ms | Allocations: 356)
Completed 200 OK in 3ms (Views: 2.3ms | Allocations: 1197)


Started GET "/" for ::1 at 2022-11-18 00:53:40 +0530
Processing by Rails::WelcomeController#index as HTML
  Rendering /home/welcome/.rvm/gems/ruby-3.0.0/gems/railties-7.0.4/lib/rails/templates/rails/welcome/index.html.erb
  Rendered /home/welcome/.rvm/gems/ruby-3.0.0/gems/railties-7.0.4/lib/rails/templates/rails/welcome/index.html.erb (Duration: 0.1ms | Allocations: 16)
Completed 200 OK in 1ms (Views: 0.8ms | Allocations: 257)


Started GET "/" for ::1 at 2022-11-18 00:53:40 +0530
Processing by Rails::WelcomeController#index as HTML
  Rendering /home/welcome/.rvm/gems/ruby-3.0.0/gems/railties-7.0.4/lib/rails/templates/rails/welcome/index.html.erb
  Rendered /home/welcome/.rvm/gems/ruby-3.0.0/gems/railties-7.0.4/lib/rails/templates/rails/welcome/index.html.erb (Duration: 0.1ms | Allocations: 15)
Completed 200 OK in 1ms (Views: 0.6ms | Allocations: 252)


Started GET "/" for ::1 at 2022-11-18 00:53:40 +0530
Processing by Rails::WelcomeController#index as HTML
  Rendering /home/welcome/.rvm/gems/ruby-3.0.0/gems/railties-7.0.4/lib/rails/templates/rails/welcome/index.html.erb
  Rendered /home/welcome/.rvm/gems/ruby-3.0.0/gems/railties-7.0.4/lib/rails/templates/rails/welcome/index.html.erb (Duration: 0.1ms | Allocations: 15)
Completed 200 OK in 1ms (Views: 0.7ms | Allocations: 252)


Started GET "/books" for ::1 at 2022-11-18 00:53:44 +0530
Processing by BooksController#index as HTML
  [1m[36mBook Load (0.1ms)[0m  [1m[34mSELECT "books".* FROM "books"[0m
  ↳ app/controllers/books_controller.rb:4:in `index'
Completed 200 OK in 25ms (Views: 22.4ms | ActiveRecord: 1.7ms | Allocations: 16798)


Started GET "/favicon.ico" for ::1 at 2022-11-18 00:53:44 +0530
  
ActionController::RoutingError (No route matches [GET] "/favicon.ico"):
  
  [1m[36mTRANSACTION (0.1ms)[0m  [1m[36mbegin transaction[0m
  [1m[36mBook Create (0.4ms)[0m  [1m[32mINSERT INTO "books" ("title", "author", "created_at", "updated_at") VALUES (?, ?, ?, ?)[0m  [["title", "Dont trust anyone"], ["author", "william shakespeare"], ["created_at", "2022-11-17 19:26:06.226084"], ["updated_at", "2022-11-17 19:26:06.226084"]]
  [1m[36mTRANSACTION (8.3ms)[0m  [1m[36mcommit transaction[0m
  [1m[36mBook Load (0.2ms)[0m  [1m[34mSELECT "books".* FROM "books"[0m
Started GET "/books" for 127.0.0.1 at 2022-11-18 00:58:44 +0530
Processing by BooksController#index as */*
  [1m[36mBook Load (0.1ms)[0m  [1m[34mSELECT "books".* FROM "books"[0m
  ↳ app/controllers/books_controller.rb:4:in `index'
Completed 200 OK in 6ms (Views: 4.7ms | ActiveRecord: 0.8ms | Allocations: 3253)


Started GET "/books" for ::1 at 2022-11-18 01:17:25 +0530
Processing by BooksController#index as HTML
Completed 500 Internal Server Error in 2ms (Allocations: 625)


  
ArgumentError (Unknown validator: 'PrresenceValidator'):
  
app/models/book.rb:2:in `<class:Book>'
app/models/book.rb:1:in `<main>'
app/controllers/books_controller.rb:4:in `index'
Started GET "/books" for ::1 at 2022-11-18 01:17:45 +0530
Processing by BooksController#index as HTML
  [1m[36mBook Load (0.2ms)[0m  [1m[34mSELECT "books".* FROM "books"[0m
  ↳ app/controllers/books_controller.rb:4:in `index'
Completed 200 OK in 9ms (Views: 6.0ms | ActiveRecord: 0.5ms | Allocations: 3140)


Started GET "/" for ::1 at 2023-02-13 19:28:24 +0530
  [1m[36mActiveRecord::SchemaMigration Pluck (0.1ms)[0m  [1m[34mSELECT "schema_migrations"."version" FROM "schema_migrations" ORDER BY "schema_migrations"."version" ASC[0m
Processing by Rails::WelcomeController#index as HTML
  Rendering /home/welcome/.rvm/gems/ruby-3.0.0/gems/railties-7.0.4/lib/rails/templates/rails/welcome/index.html.erb
  Rendered /home/welcome/.rvm/gems/ruby-3.0.0/gems/railties-7.0.4/lib/rails/templates/rails/welcome/index.html.erb (Duration: 1.6ms | Allocations: 626)
Completed 200 OK in 12ms (Views: 4.6ms | ActiveRecord: 0.0ms | Allocations: 5644)


Started GET "/books" for ::1 at 2023-02-13 19:28:34 +0530
Processing by BooksController#index as HTML
  [1m[36mBook Load (0.2ms)[0m  [1m[34mSELECT "books".* FROM "books"[0m
  ↳ app/controllers/books_controller.rb:4:in `index'
Completed 200 OK in 37ms (Views: 32.2ms | ActiveRecord: 0.9ms | Allocations: 17144)


Started GET "/favicon.ico" for ::1 at 2023-02-13 19:28:34 +0530
  
ActionController::RoutingError (No route matches [GET] "/favicon.ico"):
  
  [1m[36mBook Load (0.2ms)[0m  [1m[34mSELECT "books".* FROM "books"[0m
Started GET "/" for ::1 at 2023-02-16 23:57:05 +0530
  [1m[36mActiveRecord::SchemaMigration Pluck (0.2ms)[0m  [1m[34mSELECT "schema_migrations"."version" FROM "schema_migrations" ORDER BY "schema_migrations"."version" ASC[0m
Processing by Rails::WelcomeController#index as HTML
  Rendering /home/welcome/.rvm/gems/ruby-3.0.0/gems/railties-7.0.4/lib/rails/templates/rails/welcome/index.html.erb
  Rendered /home/welcome/.rvm/gems/ruby-3.0.0/gems/railties-7.0.4/lib/rails/templates/rails/welcome/index.html.erb (Duration: 2.3ms | Allocations: 626)
Completed 200 OK in 15ms (Views: 7.3ms | ActiveRecord: 0.0ms | Allocations: 5644)


Started GET "/books" for ::1 at 2023-02-16 23:57:29 +0530
Processing by BooksController#index as HTML
  [1m[36mBook Load (0.2ms)[0m  [1m[34mSELECT "books".* FROM "books"[0m
  ↳ app/controllers/books_controller.rb:4:in `index'
Completed 200 OK in 37ms (Views: 33.3ms | ActiveRecord: 0.9ms | Allocations: 17144)


